
X.Org X Server 1.15.1
Release Date: 2014-04-13
X Protocol Version 11, Revision 0
Build Operating System: Linux 3.2.0-76-generic x86_64 Ubuntu
Current Operating System: Linux perf 4.8.0-rc2+ #48 SMP Tue Aug 23 10:53:53 PDT 2016 x86_64
Kernel command line: BOOT_IMAGE=/boot/vmlinuz-4.8.0-rc2+ root=UUID=04e7788e-651c-4593-b013-93bf3b6568d4 ro memmap=16G!16G
Build Date: 12 February 2015  02:49:29PM
xorg-server 2:1.15.1-0ubuntu2.7 (For technical support please see http://www.ubuntu.com/support) 
Current version of pixman: 0.30.2
	Before reporting problems, check http://wiki.x.org
	to make sure that you have the latest version.
Markers: (--) probed, (**) from config file, (==) default setting,
	(++) from command line, (!!) notice, (II) informational,
	(WW) warning, (EE) error, (NI) not implemented, (??) unknown.
(==) Log file: "/var/log/Xorg.0.log", Time: Thu Aug 25 20:19:06 2016
(==) Using system config directory "/usr/share/X11/xorg.conf.d"
(==) No Layout section.  Using the first Screen section.
(==) No screen section available. Using defaults.
(**) |-->Screen "Default Screen Section" (0)
(**) |   |-->Monitor "<default monitor>"
(==) No monitor specified for screen "Default Screen Section".
	Using a default monitor configuration.
(==) Automatically adding devices
(==) Automatically enabling devices
(==) Automatically adding GPU devices
(WW) The directory "/usr/share/fonts/X11/cyrillic" does not exist.
	Entry deleted from font path.
(WW) The directory "/usr/share/fonts/X11/100dpi/" does not exist.
	Entry deleted from font path.
(WW) The directory "/usr/share/fonts/X11/75dpi/" does not exist.
	Entry deleted from font path.
(WW) The directory "/usr/share/fonts/X11/100dpi" does not exist.
	Entry deleted from font path.
(WW) The directory "/usr/share/fonts/X11/75dpi" does not exist.
	Entry deleted from font path.
(==) FontPath set to:
	/usr/share/fonts/X11/misc,
	/usr/share/fonts/X11/Type1,
	built-ins
(==) ModulePath set to "/usr/lib/x86_64-linux-gnu/xorg/extra-modules,/usr/lib/xorg/extra-modules,/usr/lib/xorg/modules"
(II) The server relies on udev to provide the list of input devices.
	If no devices become available, reconfigure udev or disable AutoAddDevices.
(II) Loader magic: 0x5633eefa6d40
(II) Module ABI versions:
	X.Org ANSI C Emulation: 0.4
	X.Org Video Driver: 15.0
	X.Org XInput driver : 20.0
	X.Org Server Extension : 8.0
(II) xfree86: Adding drm device (/dev/dri/card0)
(--) PCI:*(0:4:0:0) 10de:11b4:103c:1096 rev 161, Mem @ 0xf2000000/16777216, 0xe0000000/268435456, 0xf0000000/33554432, I/O @ 0x00002000/128, BIOS @ 0x????????/131072
Initializing built-in extension Generic Event Extension
Initializing built-in extension SHAPE
Initializing built-in extension MIT-SHM
Initializing built-in extension XInputExtension
Initializing built-in extension XTEST
Initializing built-in extension BIG-REQUESTS
Initializing built-in extension SYNC
Initializing built-in extension XKEYBOARD
Initializing built-in extension XC-MISC
Initializing built-in extension SECURITY
Initializing built-in extension XINERAMA
Initializing built-in extension XFIXES
Initializing built-in extension RENDER
Initializing built-in extension RANDR
Initializing built-in extension COMPOSITE
Initializing built-in extension DAMAGE
Initializing built-in extension MIT-SCREEN-SAVER
Initializing built-in extension DOUBLE-BUFFER
Initializing built-in extension RECORD
Initializing built-in extension DPMS
Initializing built-in extension Present
Initializing built-in extension DRI3
Initializing built-in extension X-Resource
Initializing built-in extension XVideo
Initializing built-in extension XVideo-MotionCompensation
Initializing built-in extension SELinux
Initializing built-in extension XFree86-VidModeExtension
Initializing built-in extension XFree86-DGA
Initializing built-in extension XFree86-DRI
Initializing built-in extension DRI2
(II) LoadModule: "glx"
(II) Loading /usr/lib/xorg/modules/extensions/libglx.so
(II) Module glx: vendor="X.Org Foundation"
	compiled for 1.15.1, module version = 1.0.0
	ABI class: X.Org Server Extension, version 8.0
(==) AIGLX enabled
Loading extension GLX
(==) Matched nvidia as autoconfigured driver 0
(==) Matched nouveau as autoconfigured driver 1
(==) Matched nvidia as autoconfigured driver 2
(==) Matched nouveau as autoconfigured driver 3
(==) Matched modesetting as autoconfigured driver 4
(==) Matched fbdev as autoconfigured driver 5
(==) Matched vesa as autoconfigured driver 6
(==) Assigned the driver to the xf86ConfigLayout
(II) LoadModule: "nvidia"
(WW) Warning, couldn't open module nvidia
(II) UnloadModule: "nvidia"
(II) Unloading nvidia
(EE) Failed to load module "nvidia" (module does not exist, 0)
(II) LoadModule: "nouveau"
(II) Loading /usr/lib/xorg/modules/drivers/nouveau_drv.so
(II) Module nouveau: vendor="X.Org Foundation"
	compiled for 1.15.0, module version = 1.0.10
	Module class: X.Org Video Driver
	ABI class: X.Org Video Driver, version 15.0
(II) LoadModule: "modesetting"
(II) Loading /usr/lib/xorg/modules/drivers/modesetting_drv.so
(II) Module modesetting: vendor="X.Org Foundation"
	compiled for 1.15.0, module version = 0.8.1
	Module class: X.Org Video Driver
	ABI class: X.Org Video Driver, version 15.0
(II) LoadModule: "fbdev"
(II) Loading /usr/lib/xorg/modules/drivers/fbdev_drv.so
(II) Module fbdev: vendor="X.Org Foundation"
	compiled for 1.15.0, module version = 0.4.4
	Module class: X.Org Video Driver
	ABI class: X.Org Video Driver, version 15.0
(II) LoadModule: "vesa"
(II) Loading /usr/lib/xorg/modules/drivers/vesa_drv.so
(II) Module vesa: vendor="X.Org Foundation"
	compiled for 1.15.0, module version = 2.3.3
	Module class: X.Org Video Driver
	ABI class: X.Org Video Driver, version 15.0
(==) Matched nvidia as autoconfigured driver 0
(==) Matched nouveau as autoconfigured driver 1
(==) Matched nvidia as autoconfigured driver 2
(==) Matched nouveau as autoconfigured driver 3
(==) Matched modesetting as autoconfigured driver 4
(==) Matched fbdev as autoconfigured driver 5
(==) Matched vesa as autoconfigured driver 6
(==) Assigned the driver to the xf86ConfigLayout
(II) LoadModule: "nvidia"
(WW) Warning, couldn't open module nvidia
(II) UnloadModule: "nvidia"
(II) Unloading nvidia
(EE) Failed to load module "nvidia" (module does not exist, 0)
(II) LoadModule: "nouveau"
(II) Loading /usr/lib/xorg/modules/drivers/nouveau_drv.so
(II) Module nouveau: vendor="X.Org Foundation"
	compiled for 1.15.0, module version = 1.0.10
	Module class: X.Org Video Driver
	ABI class: X.Org Video Driver, version 15.0
(II) UnloadModule: "nouveau"
(II) Unloading nouveau
(II) Failed to load module "nouveau" (already loaded, 0)
(II) LoadModule: "modesetting"
(II) Loading /usr/lib/xorg/modules/drivers/modesetting_drv.so
(II) Module modesetting: vendor="X.Org Foundation"
	compiled for 1.15.0, module version = 0.8.1
	Module class: X.Org Video Driver
	ABI class: X.Org Video Driver, version 15.0
(II) UnloadModule: "modesetting"
(II) Unloading modesetting
(II) Failed to load module "modesetting" (already loaded, 0)
(II) LoadModule: "fbdev"
(II) Loading /usr/lib/xorg/modules/drivers/fbdev_drv.so
(II) Module fbdev: vendor="X.Org Foundation"
	compiled for 1.15.0, module version = 0.4.4
	Module class: X.Org Video Driver
	ABI class: X.Org Video Driver, version 15.0
(II) UnloadModule: "fbdev"
(II) Unloading fbdev
(II) Failed to load module "fbdev" (already loaded, 0)
(II) LoadModule: "vesa"
(II) Loading /usr/lib/xorg/modules/drivers/vesa_drv.so
(II) Module vesa: vendor="X.Org Foundation"
	compiled for 1.15.0, module version = 2.3.3
	Module class: X.Org Video Driver
	ABI class: X.Org Video Driver, version 15.0
(II) UnloadModule: "vesa"
(II) Unloading vesa
(II) Failed to load module "vesa" (already loaded, 0)
(II) NOUVEAU driver Date:   Thu Nov 7 14:56:48 2013 +1000
(II) NOUVEAU driver for NVIDIA chipset families :
	RIVA TNT        (NV04)
	RIVA TNT2       (NV05)
	GeForce 256     (NV10)
	GeForce 2       (NV11, NV15)
	GeForce 4MX     (NV17, NV18)
	GeForce 3       (NV20)
	GeForce 4Ti     (NV25, NV28)
	GeForce FX      (NV3x)
	GeForce 6       (NV4x)
	GeForce 7       (G7x)
	GeForce 8       (G8x)
	GeForce GTX 200 (NVA0)
	GeForce GTX 400 (NVC0)
(II) modesetting: Driver for Modesetting Kernel Drivers: kms
(II) FBDEV: driver for framebuffer: fbdev
(II) VESA: driver for VESA chipsets: vesa
(++) using VT number 7

(II) [drm] nouveau interface version: 1.3.1
(WW) Falling back to old probe method for modesetting
(WW) Falling back to old probe method for fbdev
(II) Loading sub module "fbdevhw"
(II) LoadModule: "fbdevhw"
(II) Loading /usr/lib/xorg/modules/libfbdevhw.so
(II) Module fbdevhw: vendor="X.Org Foundation"
	compiled for 1.15.1, module version = 0.0.2
	ABI class: X.Org Video Driver, version 15.0
(WW) Falling back to old probe method for vesa
(II) Loading sub module "dri2"
(II) LoadModule: "dri2"
(II) Module "dri2" already built-in
(--) NOUVEAU(0): Chipset: "NVIDIA NVE4"
(II) NOUVEAU(0): Creating default Display subsection in Screen section
	"Default Screen Section" for depth/fbbpp 24/32
(==) NOUVEAU(0): Depth 24, (--) framebuffer bpp 32
(==) NOUVEAU(0): RGB weight 888
(==) NOUVEAU(0): Default visual is TrueColor
(==) NOUVEAU(0): Using HW cursor
(==) NOUVEAU(0): GLX sync to VBlank enabled.
(==) NOUVEAU(0): Page flipping enabled
(==) NOUVEAU(0): Swap limit set to 2 [Max allowed 2]
(II) NOUVEAU(0): Output DVI-I-1 has no monitor section
(II) NOUVEAU(0): Output DP-1 has no monitor section
(II) NOUVEAU(0): Output DP-2 has no monitor section
(II) NOUVEAU(0): EDID for output DVI-I-1
(II) NOUVEAU(0): EDID for output DP-1
(II) NOUVEAU(0): EDID for output DP-2
(II) NOUVEAU(0): Output DVI-I-1 disconnected
(II) NOUVEAU(0): Output DP-1 disconnected
(II) NOUVEAU(0): Output DP-2 disconnected
(WW) NOUVEAU(0): No outputs definitely connected, trying again...
(II) NOUVEAU(0): Output DVI-I-1 disconnected
(II) NOUVEAU(0): Output DP-1 disconnected
(II) NOUVEAU(0): Output DP-2 disconnected
(WW) NOUVEAU(0): Unable to find connected outputs - setting 1024x768 initial framebuffer
(II) NOUVEAU(0): Using default gamma of (1.0, 1.0, 1.0) unless otherwise stated.
(--) NOUVEAU(0): Virtual size is 1024x768 (pitch 0)
(**) NOUVEAU(0):  Mode "1024x768": 63.5 MHz (scaled from 0.0 MHz), 47.8 kHz, 59.9 Hz
(II) NOUVEAU(0): Modeline "1024x768"x59.9   63.50  1024 1072 1176 1328  768 771 775 798 -hsync +vsync (47.8 kHz)
(==) NOUVEAU(0): DPI set to (96, 96)
(II) Loading sub module "fb"
(II) LoadModule: "fb"
(II) Loading /usr/lib/xorg/modules/libfb.so
(II) Module fb: vendor="X.Org Foundation"
	compiled for 1.15.1, module version = 1.0.0
	ABI class: X.Org ANSI C Emulation, version 0.4
(II) Loading sub module "exa"
(II) LoadModule: "exa"
(II) Loading /usr/lib/xorg/modules/libexa.so
(II) Module exa: vendor="X.Org Foundation"
	compiled for 1.15.1, module version = 2.6.0
	ABI class: X.Org Video Driver, version 15.0
(II) Loading sub module "shadowfb"
(II) LoadModule: "shadowfb"
(II) Loading /usr/lib/xorg/modules/libshadowfb.so
(II) Module shadowfb: vendor="X.Org Foundation"
	compiled for 1.15.1, module version = 1.0.0
	ABI class: X.Org ANSI C Emulation, version 0.4
(II) UnloadModule: "modesetting"
(II) Unloading modesetting
(II) UnloadModule: "fbdev"
(II) Unloading fbdev
(II) UnloadSubModule: "fbdevhw"
(II) Unloading fbdevhw
(II) UnloadModule: "vesa"
(II) Unloading vesa
(--) Depth 24 pixmap format is 32 bpp
(II) NOUVEAU(0): Opened GPU channel 2
(II) NOUVEAU(0): [DRI2] Setup complete
(II) NOUVEAU(0): [DRI2]   DRI driver: nouveau
(II) NOUVEAU(0): [DRI2]   VDPAU driver: nouveau
(II) EXA(0): Driver allocated offscreen pixmaps
(II) EXA(0): Driver registered support for the following operations:
(II)         Solid
(II)         Copy
(II)         Composite (RENDER acceleration)
(II)         UploadToScreen
(II)         DownloadFromScreen
(==) NOUVEAU(0): Backing store enabled
(==) NOUVEAU(0): Silken mouse enabled
(II) NOUVEAU(0): [XvMC] Associated with Nouveau GeForce 8/9 Textured Video.
(II) NOUVEAU(0): [XvMC] Extension initialized.
(==) NOUVEAU(0): DPMS enabled
(II) NOUVEAU(0): RandR 1.2 enabled, ignore the following RandR disabled message.
(--) RandR disabled
(II) SELinux: Disabled on system
(II) AIGLX: enabled GLX_MESA_copy_sub_buffer
(II) AIGLX: enabled GLX_ARB_create_context
(II) AIGLX: enabled GLX_ARB_create_context_profile
(II) AIGLX: enabled GLX_EXT_create_context_es2_profile
(II) AIGLX: enabled GLX_INTEL_swap_event
(II) AIGLX: enabled GLX_SGI_swap_control and GLX_MESA_swap_control
(II) AIGLX: enabled GLX_EXT_framebuffer_sRGB
(II) AIGLX: enabled GLX_ARB_fbconfig_float
(II) AIGLX: GLX_EXT_texture_from_pixmap backed by buffer objects
(II) AIGLX: Loaded and initialized nouveau
(II) GLX: Initialized DRI2 GL provider for screen 0
(II) NOUVEAU(0): NVEnterVT is called.
(II) XKB: reuse xkmfile /var/lib/xkb/server-B20D7FC79C7F597315E3E501AEF10E0D866E8E92.xkm
(II) config/udev: Adding input device Power Button (/dev/input/event1)
(**) Power Button: Applying InputClass "evdev keyboard catchall"
(**) Power Button: Applying InputClass "keyboard defaults"
(II) LoadModule: "evdev"
(II) Loading /usr/lib/xorg/modules/input/evdev_drv.so
(II) Module evdev: vendor="X.Org Foundation"
	compiled for 1.15.0, module version = 2.8.2
	Module class: X.Org XInput Driver
	ABI class: X.Org XInput driver, version 20.0
(II) Using input driver 'evdev' for 'Power Button'
(**) Power Button: always reports core events
(**) evdev: Power Button: Device: "/dev/input/event1"
(--) evdev: Power Button: Vendor 0 Product 0x1
(--) evdev: Power Button: Found keys
(II) evdev: Power Button: Configuring as keyboard
(**) Option "config_info" "udev:/sys/devices/LNXSYSTM:00/LNXPWRBN:00/input/input1/event1"
(II) XINPUT: Adding extended input device "Power Button" (type: KEYBOARD, id 6)
(**) Option "xkb_rules" "evdev"
(**) Option "xkb_model" "pc105"
(**) Option "xkb_layout" "us"
(**) Option "xkb_options" "terminate:ctrl_alt_bksp"
(II) XKB: reuse xkmfile /var/lib/xkb/server-8AA988DD479FAABEC4FC3CCCF4CC29B4948840B4.xkm
(II) config/udev: Adding input device Power Button (/dev/input/event0)
(**) Power Button: Applying InputClass "evdev keyboard catchall"
(**) Power Button: Applying InputClass "keyboard defaults"
(II) Using input driver 'evdev' for 'Power Button'
(**) Power Button: always reports core events
(**) evdev: Power Button: Device: "/dev/input/event0"
(--) evdev: Power Button: Vendor 0 Product 0x1
(--) evdev: Power Button: Found keys
(II) evdev: Power Button: Configuring as keyboard
(**) Option "config_info" "udev:/sys/devices/LNXSYSTM:00/LNXSYBUS:00/PNP0C0C:00/input/input0/event0"
(II) XINPUT: Adding extended input device "Power Button" (type: KEYBOARD, id 7)
(**) Option "xkb_rules" "evdev"
(**) Option "xkb_model" "pc105"
(**) Option "xkb_layout" "us"
(**) Option "xkb_options" "terminate:ctrl_alt_bksp"
(II) config/udev: Adding drm device (/dev/dri/card0) card0 /sys/devices/pci0000:00/0000:00:03.0/0000:04:00.0/drm/card0
(II) config/udev: Ignoring already known drm device (/dev/dri/card0)
(II) config/udev: Adding input device HDA NVidia HDMI/DP,pcm=3 (/dev/input/event10)
(II) No input driver specified, ignoring this device.
(II) This device may have been added with another device file.
(II) config/udev: Adding input device HDA NVidia HDMI/DP,pcm=7 (/dev/input/event11)
(II) No input driver specified, ignoring this device.
(II) This device may have been added with another device file.
(II) config/udev: Adding input device HDA NVidia HDMI/DP,pcm=8 (/dev/input/event12)
(II) No input driver specified, ignoring this device.
(II) This device may have been added with another device file.
(II) config/udev: Adding input device NOVATEK USB NETVISTA FULL WIDTH KEYBOARD (/dev/input/event2)
(**) NOVATEK USB NETVISTA FULL WIDTH KEYBOARD: Applying InputClass "evdev keyboard catchall"
(**) NOVATEK USB NETVISTA FULL WIDTH KEYBOARD: Applying InputClass "keyboard defaults"
(II) Using input driver 'evdev' for 'NOVATEK USB NETVISTA FULL WIDTH KEYBOARD'
(**) NOVATEK USB NETVISTA FULL WIDTH KEYBOARD: always reports core events
(**) evdev: NOVATEK USB NETVISTA FULL WIDTH KEYBOARD: Device: "/dev/input/event2"
(--) evdev: NOVATEK USB NETVISTA FULL WIDTH KEYBOARD: Vendor 0x461 Product 0x4e04
(--) evdev: NOVATEK USB NETVISTA FULL WIDTH KEYBOARD: Found keys
(II) evdev: NOVATEK USB NETVISTA FULL WIDTH KEYBOARD: Configuring as keyboard
(**) Option "config_info" "udev:/sys/devices/pci0000:00/0000:00:14.0/usb3/3-13/3-13.1/3-13.1:1.0/0003:0461:4E04.0001/input/input5/event2"
(II) XINPUT: Adding extended input device "NOVATEK USB NETVISTA FULL WIDTH KEYBOARD" (type: KEYBOARD, id 8)
(**) Option "xkb_rules" "evdev"
(**) Option "xkb_model" "pc105"
(**) Option "xkb_layout" "us"
(**) Option "xkb_options" "terminate:ctrl_alt_bksp"
(II) config/udev: Adding input device NOVATEK USB NETVISTA FULL WIDTH KEYBOARD (/dev/input/event3)
(**) NOVATEK USB NETVISTA FULL WIDTH KEYBOARD: Applying InputClass "evdev keyboard catchall"
(**) NOVATEK USB NETVISTA FULL WIDTH KEYBOARD: Applying InputClass "keyboard defaults"
(II) Using input driver 'evdev' for 'NOVATEK USB NETVISTA FULL WIDTH KEYBOARD'
(**) NOVATEK USB NETVISTA FULL WIDTH KEYBOARD: always reports core events
(**) evdev: NOVATEK USB NETVISTA FULL WIDTH KEYBOARD: Device: "/dev/input/event3"
(--) evdev: NOVATEK USB NETVISTA FULL WIDTH KEYBOARD: Vendor 0x461 Product 0x4e04
(--) evdev: NOVATEK USB NETVISTA FULL WIDTH KEYBOARD: Found keys
(II) evdev: NOVATEK USB NETVISTA FULL WIDTH KEYBOARD: Configuring as keyboard
(**) Option "config_info" "udev:/sys/devices/pci0000:00/0000:00:14.0/usb3/3-13/3-13.1/3-13.1:1.1/0003:0461:4E04.0002/input/input6/event3"
(II) XINPUT: Adding extended input device "NOVATEK USB NETVISTA FULL WIDTH KEYBOARD" (type: KEYBOARD, id 9)
(**) Option "xkb_rules" "evdev"
(**) Option "xkb_model" "pc105"
(**) Option "xkb_layout" "us"
(**) Option "xkb_options" "terminate:ctrl_alt_bksp"
(II) config/udev: Adding input device HDA Intel PCH Line (/dev/input/event6)
(II) No input driver specified, ignoring this device.
(II) This device may have been added with another device file.
(II) config/udev: Adding input device HDA Intel PCH Line Out (/dev/input/event7)
(II) No input driver specified, ignoring this device.
(II) This device may have been added with another device file.
(II) config/udev: Adding input device HDA Intel PCH Front Headphone (/dev/input/event8)
(II) No input driver specified, ignoring this device.
(II) This device may have been added with another device file.
(II) config/udev: Adding input device HDA Intel PCH Front Mic (/dev/input/event4)
(II) No input driver specified, ignoring this device.
(II) This device may have been added with another device file.
(II) config/udev: Adding input device HDA Intel PCH Front Mic (/dev/input/event5)
(II) No input driver specified, ignoring this device.
(II) This device may have been added with another device file.
(II) config/udev: Adding input device HP WMI hotkeys (/dev/input/event9)
(**) HP WMI hotkeys: Applying InputClass "evdev keyboard catchall"
(**) HP WMI hotkeys: Applying InputClass "keyboard defaults"
(II) Using input driver 'evdev' for 'HP WMI hotkeys'
(**) HP WMI hotkeys: always reports core events
(**) evdev: HP WMI hotkeys: Device: "/dev/input/event9"
(--) evdev: HP WMI hotkeys: Vendor 0 Product 0
(--) evdev: HP WMI hotkeys: Found keys
(II) evdev: HP WMI hotkeys: Configuring as keyboard
(**) Option "config_info" "udev:/sys/devices/virtual/input/input7/event9"
(II) XINPUT: Adding extended input device "HP WMI hotkeys" (type: KEYBOARD, id 10)
(**) Option "xkb_rules" "evdev"
(**) Option "xkb_model" "pc105"
(**) Option "xkb_layout" "us"
(**) Option "xkb_options" "terminate:ctrl_alt_bksp"
